[debug] [2020-04-12T06:30:34.302Z] ----------------------------------------------------------------------
[debug] [2020-04-12T06:30:34.305Z] Command:       C:\Program Files\nodejs\node.exe C:\Users\Sushmitha\AppData\Roaming\npm\node_modules\firebase-tools\lib\bin\firebase.js init
[debug] [2020-04-12T06:30:34.305Z] CLI Version:   8.0.2
[debug] [2020-04-12T06:30:34.305Z] Platform:      win32
[debug] [2020-04-12T06:30:34.305Z] Node Version:  v12.16.1
[debug] [2020-04-12T06:30:34.306Z] Time:          Sun Apr 12 2020 12:00:34 GMT+0530 (India Standard Time)
[debug] [2020-04-12T06:30:34.306Z] ----------------------------------------------------------------------
[debug] [2020-04-12T06:30:34.307Z] 
[debug] [2020-04-12T06:30:34.319Z] > command requires scopes: ["email","openid","https://www.googleapis.com/auth/cloudplatformprojects.readonly","https://www.googleapis.com/auth/firebase","https://www.googleapis.com/auth/cloud-platform"]
[debug] [2020-04-12T06:30:34.396Z] Error: Could not load the default credentials. Browse to https://cloud.google.com/docs/authentication/getting-started for more information.
    at GoogleAuth.getApplicationDefaultAsync (C:\Users\Sushmitha\AppData\Roaming\npm\node_modules\firebase-tools\node_modules\google-auth-library\build\src\auth\googleauth.js:160:19)
    at processTicksAndRejections (internal/process/task_queues.js:97:5)
    at async GoogleAuth.getClient (C:\Users\Sushmitha\AppData\Roaming\npm\node_modules\firebase-tools\node_modules\google-auth-library\build\src\auth\googleauth.js:502:17)
    at async GoogleAuth.getAccessToken (C:\Users\Sushmitha\AppData\Roaming\npm\node_modules\firebase-tools\node_modules\google-auth-library\build\src\auth\googleauth.js:524:24)
[error] 
[error] Error: An unexpected error has occurred.
[debug] [2020-04-12T06:30:54.029Z] ----------------------------------------------------------------------
[debug] [2020-04-12T06:30:54.032Z] Command:       C:\Program Files\nodejs\node.exe C:\Users\Sushmitha\AppData\Roaming\npm\node_modules\firebase-tools\lib\bin\firebase.js init
[debug] [2020-04-12T06:30:54.032Z] CLI Version:   8.0.2
[debug] [2020-04-12T06:30:54.032Z] Platform:      win32
[debug] [2020-04-12T06:30:54.032Z] Node Version:  v12.16.1
[debug] [2020-04-12T06:30:54.033Z] Time:          Sun Apr 12 2020 12:00:54 GMT+0530 (India Standard Time)
[debug] [2020-04-12T06:30:54.034Z] ----------------------------------------------------------------------
[debug] [2020-04-12T06:30:54.034Z] 
[debug] [2020-04-12T06:30:54.046Z] > command requires scopes: ["email","openid","https://www.googleapis.com/auth/cloudplatformprojects.readonly","https://www.googleapis.com/auth/firebase","https://www.googleapis.com/auth/cloud-platform"]
[debug] [2020-04-12T06:30:54.091Z] Error: Could not load the default credentials. Browse to https://cloud.google.com/docs/authentication/getting-started for more information.
    at GoogleAuth.getApplicationDefaultAsync (C:\Users\Sushmitha\AppData\Roaming\npm\node_modules\firebase-tools\node_modules\google-auth-library\build\src\auth\googleauth.js:160:19)
    at processTicksAndRejections (internal/process/task_queues.js:97:5)
    at async GoogleAuth.getClient (C:\Users\Sushmitha\AppData\Roaming\npm\node_modules\firebase-tools\node_modules\google-auth-library\build\src\auth\googleauth.js:502:17)
    at async GoogleAuth.getAccessToken (C:\Users\Sushmitha\AppData\Roaming\npm\node_modules\firebase-tools\node_modules\google-auth-library\build\src\auth\googleauth.js:524:24)
[error] 
[error] Error: An unexpected error has occurred.
